time="2023-12-11T00:22:10+07:00" level=info msg="{2023-12-11 00:22:10.0281029 +0700 +07 m=+121.982143901 0s ::1 POST 200 /api/v1/student PostmanRuntime/7.35.0}"
time="2023-12-11T00:23:10+07:00" level=info msg="{2023-12-11 00:23:10.2276986 +0700 +07 m=+8.856243401 0s ::1 POST 200 /api/v1/student PostmanRuntime/7.35.0}"
time="2023-12-11T00:24:02+07:00" level=info msg="{2023-12-11 00:24:02.1074643 +0700 +07 m=+8.375965901 0s ::1 POST 200 /api/v1/student PostmanRuntime/7.35.0}"
time="2023-12-11T00:24:06+07:00" level=info msg="{2023-12-11 00:24:06.0747189 +0700 +07 m=+12.343220501 0s ::1 POST 200 /api/v1/user/ PostmanRuntime/7.35.0}"
time="2023-12-11T00:24:14+07:00" level=info msg="{2023-12-11 00:24:14.0709574 +0700 +07 m=+20.339459001 0s ::1 POST 200 /api/v1/course PostmanRuntime/7.35.0}"
time="2023-12-11T00:24:21+07:00" level=info msg="{2023-12-11 00:24:21.5574953 +0700 +07 m=+27.825996901 0s ::1 GET 200 /api/v1/student/c9a6d648-744d-4d29-9ecf-3104d61287f6 PostmanRuntime/7.35.0}"
time="2023-12-11T00:26:44+07:00" level=info msg="{2023-12-11 00:26:44.3725858 +0700 +07 m=+8.984063501 0s ::1 POST 200 /api/v1/user/ PostmanRuntime/7.35.0}"
time="2023-12-11T00:26:49+07:00" level=info msg="{2023-12-11 00:26:49.5306497 +0700 +07 m=+14.142127401 0s ::1 POST 200 /api/v1/student PostmanRuntime/7.35.0}"
time="2023-12-11T00:27:48+07:00" level=info msg="{2023-12-11 00:27:48.2554579 +0700 +07 m=+72.866935601 0s ::1 POST 200 /api/v1/student PostmanRuntime/7.35.0}"
time="2023-12-11T00:30:28+07:00" level=info msg="{2023-12-11 00:30:28.2101055 +0700 +07 m=+18.251968901 0s ::1 POST 200 /api/v1/student PostmanRuntime/7.35.0}"
time="2023-12-11T00:42:22+07:00" level=warning msg="{2023-12-11 00:42:22.8812494 +0700 +07 m=+23.101703801 0s ::1 POST 404 /api/v1/question PostmanRuntime/7.35.0}"
time="2023-12-11T00:54:36+07:00" level=info msg="{2023-12-11 00:54:36.3392489 +0700 +07 m=+34.478198001 0s ::1 POST 200 /api/v1/question PostmanRuntime/7.35.0}"
time="2023-12-11T01:07:30+07:00" level=warning msg="{2023-12-11 01:07:30.3362109 +0700 +07 m=+542.311391401 0s ::1 POST 404 /api/v1/course-details PostmanRuntime/7.35.0}"
time="2023-12-11T01:07:41+07:00" level=info msg="{2023-12-11 01:07:41.0247366 +0700 +07 m=+552.999917101 0s ::1 POST 200 /api/v1/session PostmanRuntime/7.35.0}"
time="2023-12-11T01:08:15+07:00" level=warning msg="{2023-12-11 01:08:15.6463075 +0700 +07 m=+587.621488001 0s ::1 POST 404 /api/v1/course-details PostmanRuntime/7.35.0}"
time="2023-12-11T01:08:34+07:00" level=info msg="{2023-12-11 01:08:34.9784015 +0700 +07 m=+606.953582001 0s ::1 POST 200 /api/v1/course-detail PostmanRuntime/7.35.0}"
time="2023-12-11T01:10:15+07:00" level=info msg="{2023-12-11 01:10:15.8474134 +0700 +07 m=+707.822593901 0s ::1 POST 200 /api/v1/question PostmanRuntime/7.35.0}"
time="2023-12-11T01:11:53+07:00" level=info msg="{2023-12-11 01:11:53.32725 +0700 +07 m=+805.302430501 0s ::1 POST 200 /api/v1/course PostmanRuntime/7.35.0}"
time="2023-12-11T01:15:01+07:00" level=info msg="{2023-12-11 01:15:01.069904 +0700 +07 m=+993.045084501 0s ::1 POST 200 /api/v1/student PostmanRuntime/7.35.0}"
time="2023-12-11T01:45:18+07:00" level=info msg="{2023-12-11 01:45:18.8678334 +0700 +07 m=+9.456001501 0s ::1 POST 200 /api/v1/student PostmanRuntime/7.35.0}"
time="2023-12-11T01:50:28+07:00" level=info msg="{2023-12-11 01:50:28.17458 +0700 +07 m=+17.170823401 0s ::1 POST 200 /api/v1/student PostmanRuntime/7.35.0}"
time="2023-12-11T01:55:45+07:00" level=info msg="{2023-12-11 01:55:45.4929405 +0700 +07 m=+14.997443201 0s ::1 POST 200 /api/v1/session PostmanRuntime/7.35.0}"
time="2023-12-11T02:04:38+07:00" level=info msg="{2023-12-11 02:04:38.3599432 +0700 +07 m=+8.080336101 0s ::1 POST 200 /api/v1/session PostmanRuntime/7.35.0}"
time="2023-12-11T06:41:52+07:00" level=warning msg="{2023-12-11 06:41:52.498503734 +0700 WIB m=+98.110165058 218ns ::1 POST 404 /api/v1/student  PostmanRuntime/7.35.0}"
time="2023-12-11T07:06:54+07:00" level=warning msg="{2023-12-11 07:06:54.702940062 +0700 WIB m=+17.181133663 213ns ::1 POST 404 /api/v1/student  PostmanRuntime/7.35.0}"
time="2023-12-11T07:07:07+07:00" level=warning msg="{2023-12-11 07:07:07.053749571 +0700 WIB m=+29.531943182 210ns ::1 POST 404 /api/v1/student  PostmanRuntime/7.35.0}"
time="2023-12-11T08:05:59+07:00" level=warning msg="{2023-12-11 08:05:59.250899455 +0700 WIB m=+5.497856178 235ns ::1 POST 404 /api/v1/student  PostmanRuntime/7.35.0}"
time="2023-12-11T08:06:06+07:00" level=warning msg="{2023-12-11 08:06:06.221818254 +0700 WIB m=+12.468774973 221ns ::1 POST 404 /api/v1/student  PostmanRuntime/7.35.0}"
time="2023-12-11T08:06:56+07:00" level=info msg="{2023-12-11 08:06:56.575161729 +0700 WIB m=+62.822118445 259ns ::1 POST 200 /api/v1/user/ PostmanRuntime/7.35.0}"
time="2023-12-11T08:07:14+07:00" level=warning msg="{2023-12-11 08:07:14.078097734 +0700 WIB m=+80.325054458 356ns ::1 POST 404 /api/v1/user/id PostmanRuntime/7.35.0}"
time="2023-12-11T08:07:21+07:00" level=warning msg="{2023-12-11 08:07:21.414499647 +0700 WIB m=+87.661456378 278ns ::1 POST 404 /api/v1/user/cbc18e30-585a-4d9a-8ded-efca2a561645 PostmanRuntime/7.35.0}"
time="2023-12-11T08:07:45+07:00" level=warning msg="{2023-12-11 08:07:45.103706454 +0700 WIB m=+111.350663182 365ns ::1 POST 404 /api/v1/user/:cbc18e30-585a-4d9a-8ded-efca2a561645 PostmanRuntime/7.35.0}"
time="2023-12-11T08:07:46+07:00" level=warning msg="{2023-12-11 08:07:46.374092327 +0700 WIB m=+112.621049056 290ns ::1 POST 404 /api/v1/user/:cbc18e30-585a-4d9a-8ded-efca2a561645 PostmanRuntime/7.35.0}"
time="2023-12-11T08:08:16+07:00" level=warning msg="{2023-12-11 08:08:16.724835574 +0700 WIB m=+142.971792303 479ns ::1 POST 404 /api/v1/user/user/:cbc18e30-585a-4d9a-8ded-efca2a561645 PostmanRuntime/7.35.0}"
time="2023-12-11T08:08:17+07:00" level=warning msg="{2023-12-11 08:08:17.984841782 +0700 WIB m=+144.231798511 384ns ::1 POST 404 /api/v1/user/user/:cbc18e30-585a-4d9a-8ded-efca2a561645 PostmanRuntime/7.35.0}"
time="2023-12-11T08:08:25+07:00" level=warning msg="{2023-12-11 08:08:25.776626918 +0700 WIB m=+152.023583649 219ns ::1 POST 404 /api/v1/user/user/:id PostmanRuntime/7.35.0}"
time="2023-12-11T08:08:32+07:00" level=warning msg="{2023-12-11 08:08:32.267193985 +0700 WIB m=+158.514150699 320ns ::1 POST 404 /api/v1/user/user PostmanRuntime/7.35.0}"
time="2023-12-11T08:08:33+07:00" level=warning msg="{2023-12-11 08:08:33.202691204 +0700 WIB m=+159.449647924 243ns ::1 POST 404 /api/v1/user/user PostmanRuntime/7.35.0}"
time="2023-12-11T08:08:40+07:00" level=info msg="{2023-12-11 08:08:40.99029345 +0700 WIB m=+167.237250171 309ns ::1 POST 200 /api/v1/user/ PostmanRuntime/7.35.0}"
time="2023-12-11T08:08:53+07:00" level=warning msg="{2023-12-11 08:08:53.256631411 +0700 WIB m=+179.503588141 233ns ::1 GET 404 /api/v1/user PostmanRuntime/7.35.0}"
time="2023-12-11T08:08:59+07:00" level=warning msg="{2023-12-11 08:08:59.55777895 +0700 WIB m=+185.804735669 236ns ::1 GET 404 /api/v1/user/user PostmanRuntime/7.35.0}"
time="2023-12-11T08:09:06+07:00" level=info msg="{2023-12-11 08:09:06.599602744 +0700 WIB m=+192.846559464 191ns ::1 GET 200 /api/v1/user/user/: PostmanRuntime/7.35.0}"
time="2023-12-11T08:09:23+07:00" level=info msg="{2023-12-11 08:09:23.315983361 +0700 WIB m=+209.562940091 269ns ::1 GET 200 /api/v1/user/user/:cbc18e30-585a-4d9a-8ded-efca2a561645 PostmanRuntime/7.35.0}"
time="2023-12-11T08:09:24+07:00" level=info msg="{2023-12-11 08:09:24.634267273 +0700 WIB m=+210.881224006 216ns ::1 GET 200 /api/v1/user/user/:cbc18e30-585a-4d9a-8ded-efca2a561645 PostmanRuntime/7.35.0}"
time="2023-12-11T08:09:25+07:00" level=info msg="{2023-12-11 08:09:25.768303684 +0700 WIB m=+212.015260400 232ns ::1 GET 200 /api/v1/user/user/:cbc18e30-585a-4d9a-8ded-efca2a561645 PostmanRuntime/7.35.0}"
time="2023-12-11T08:10:20+07:00" level=info msg="{2023-12-11 08:10:20.119664429 +0700 WIB m=+266.366621150 219ns ::1 GET 200 /api/v1/user/user/:cbc18e30-585a-4d9a-8ded-efca2a561645 PostmanRuntime/7.35.0}"
time="2023-12-11T08:10:25+07:00" level=info msg="{2023-12-11 08:10:25.974829062 +0700 WIB m=+272.221785782 239ns ::1 GET 200 /api/v1/user/user/cbc18e30-585a-4d9a-8ded-efca2a561645 PostmanRuntime/7.35.0}"
time="2023-12-11T08:10:27+07:00" level=info msg="{2023-12-11 08:10:27.053812101 +0700 WIB m=+273.300768822 544ns ::1 GET 200 /api/v1/user/user/cbc18e30-585a-4d9a-8ded-efca2a561645 PostmanRuntime/7.35.0}"
time="2023-12-11T08:10:28+07:00" level=info msg="{2023-12-11 08:10:28.753304699 +0700 WIB m=+275.000261422 248ns ::1 GET 200 /api/v1/user/user/cbc18e30-585a-4d9a-8ded-efca2a561645 PostmanRuntime/7.35.0}"
